# JRE version: Java(TM) SE Runtime Environment (21.0.1+12) (build 21.0.1+12-LTS-29)
# Java VM: Java HotSpot(TM) 64-Bit Server VM (21.0.1+12-LTS-29, mixed mode, sharing, tiered, compressed oops, compressed class ptrs, g1 gc, windows-amd64)
GC Precious Log:
 CardTable entry size: 512
 Card Set container configuration: InlinePtr #cards 4 size 8 Array Of Cards #cards 16 size 48 Howl #buckets 8 coarsen threshold 3686 Howl Bitmap #cards 512 size 80 coarsen threshold 460 Card regions per heap region 1 cards per card region 4096
 CPUs: 12 total, 12 available
 Memory: 16036M
 Large Page Support: Disabled
 NUMA Support: Disabled
 Compressed Oops: Enabled (Zero based)
 Heap Region Size: 2M
 Heap Min Capacity: 8M
 Heap Initial Capacity: 252M
 Heap Max Capacity: 4010M
 Pre-touch: Disabled
 Parallel Workers: 10
 Concurrent Workers: 3
 Concurrent Refinement Workers: 10
 Periodic GC: Disabled
Heap:
 garbage-first heap   total 1009664K, used 590848K [0x0000000705600000, 0x0000000800000000)
  region size 2048K, 12 young (24576K), 12 survivors (24576K)
 Metaspace       used 119660K, committed 120576K, reserved 1179648K
  class space    used 14983K, committed 15424K, reserved 1048576K
GC Heap History (20 events):
Event: 9002.881 GC heap after
{Heap after GC invocations=124 (full 0):
 garbage-first heap   total 628736K, used 308857K [0x0000000705600000, 0x0000000800000000)
  region size 2048K, 13 young (26624K), 13 survivors (26624K)
 Metaspace       used 119652K, committed 120512K, reserved 1179648K
  class space    used 14983K, committed 15424K, reserved 1048576K
}
Event: 9003.356 GC heap before
{Heap before GC invocations=124 (full 0):
 garbage-first heap   total 628736K, used 562809K [0x0000000705600000, 0x0000000800000000)
  region size 2048K, 89 young (182272K), 13 survivors (26624K)
 Metaspace       used 119652K, committed 120512K, reserved 1179648K
  class space    used 14983K, committed 15424K, reserved 1048576K
}
Event: 9003.386 GC heap after
{Heap after GC invocations=125 (full 0):
 garbage-first heap   total 681984K, used 394240K [0x0000000705600000, 0x0000000800000000)
  region size 2048K, 12 young (24576K), 12 survivors (24576K)
 Metaspace       used 119652K, committed 120512K, reserved 1179648K
  class space    used 14983K, committed 15424K, reserved 1048576K
}
Event: 9003.477 GC heap before
{Heap before GC invocations=125 (full 0):
 garbage-first heap   total 681984K, used 400384K [0x0000000705600000, 0x0000000800000000)
  region size 2048K, 17 young (34816K), 12 survivors (24576K)
 Metaspace       used 119652K, committed 120512K, reserved 1179648K
  class space    used 14983K, committed 15424K, reserved 1048576K
}
Event: 9003.484 GC heap after
{Heap after GC invocations=126 (full 0):
 garbage-first heap   total 681984K, used 405905K [0x0000000705600000, 0x0000000800000000)
  region size 2048K, 4 young (8192K), 4 survivors (8192K)
 Metaspace       used 119652K, committed 120512K, reserved 1179648K
  class space    used 14983K, committed 15424K, reserved 1048576K
}
Event: 9004.016 GC heap before
{Heap before GC invocations=127 (full 0):
 garbage-first heap   total 696320K, used 575889K [0x0000000705600000, 0x0000000800000000)
  region size 2048K, 61 young (124928K), 4 survivors (8192K)
 Metaspace       used 119652K, committed 120512K, reserved 1179648K
  class space    used 14983K, committed 15424K, reserved 1048576K
}
Event: 9004.035 GC heap after
{Heap after GC invocations=128 (full 0):
 garbage-first heap   total 696320K, used 398058K [0x0000000705600000, 0x0000000800000000)
  region size 2048K, 8 young (16384K), 8 survivors (16384K)
 Metaspace       used 119652K, committed 120512K, reserved 1179648K
  class space    used 14983K, committed 15424K, reserved 1048576K
}
Event: 9004.608 GC heap before
{Heap before GC invocations=128 (full 0):
 garbage-first heap   total 696320K, used 584426K [0x0000000705600000, 0x0000000800000000)
  region size 2048K, 69 young (141312K), 8 survivors (16384K)
 Metaspace       used 119652K, committed 120512K, reserved 1179648K
  class space    used 14983K, committed 15424K, reserved 1048576K
}
Event: 9004.629 GC heap after
{Heap after GC invocations=129 (full 0):
 garbage-first heap   total 833536K, used 456704K [0x0000000705600000, 0x0000000800000000)
  region size 2048K, 9 young (18432K), 9 survivors (18432K)
 Metaspace       used 119652K, committed 120512K, reserved 1179648K
  class space    used 14983K, committed 15424K, reserved 1048576K
}
Event: 9004.632 GC heap before
{Heap before GC invocations=129 (full 0):
 garbage-first heap   total 833536K, used 458752K [0x0000000705600000, 0x0000000800000000)
  region size 2048K, 11 young (22528K), 9 survivors (18432K)
 Metaspace       used 119652K, committed 120512K, reserved 1179648K
  class space    used 14983K, committed 15424K, reserved 1048576K
}
Event: 9004.639 GC heap after
{Heap after GC invocations=130 (full 0):
 garbage-first heap   total 833536K, used 466944K [0x0000000705600000, 0x0000000800000000)
  region size 2048K, 2 young (4096K), 2 survivors (4096K)
 Metaspace       used 119652K, committed 120512K, reserved 1179648K
  class space    used 14983K, committed 15424K, reserved 1048576K
}
Event: 9004.846 GC heap before
{Heap before GC invocations=131 (full 0):
 garbage-first heap   total 888832K, used 634880K [0x0000000705600000, 0x0000000800000000)
  region size 2048K, 78 young (159744K), 2 survivors (4096K)
 Metaspace       used 119653K, committed 120512K, reserved 1179648K
  class space    used 14983K, committed 15424K, reserved 1048576K
}
Event: 9004.875 GC heap after
{Heap after GC invocations=132 (full 0):
 garbage-first heap   total 888832K, used 517120K [0x0000000705600000, 0x0000000800000000)
  region size 2048K, 10 young (20480K), 10 survivors (20480K)
 Metaspace       used 119653K, committed 120512K, reserved 1179648K
  class space    used 14983K, committed 15424K, reserved 1048576K
}
Event: 9005.625 GC heap before
{Heap before GC invocations=132 (full 0):
 garbage-first heap   total 888832K, used 785408K [0x0000000705600000, 0x0000000800000000)
  region size 2048K, 87 young (178176K), 10 survivors (20480K)
 Metaspace       used 119657K, committed 120512K, reserved 1179648K
  class space    used 14983K, committed 15424K, reserved 1048576K
}
Event: 9005.707 GC heap after
{Heap after GC invocations=133 (full 0):
 garbage-first heap   total 909312K, used 545792K [0x0000000705600000, 0x0000000800000000)
  region size 2048K, 11 young (22528K), 11 survivors (22528K)
 Metaspace       used 119657K, committed 120512K, reserved 1179648K
  class space    used 14983K, committed 15424K, reserved 1048576K
}
Event: 9005.811 GC heap before
{Heap before GC invocations=133 (full 0):
 garbage-first heap   total 909312K, used 576512K [0x0000000705600000, 0x0000000800000000)
  region size 2048K, 27 young (55296K), 11 survivors (22528K)
 Metaspace       used 119657K, committed 120512K, reserved 1179648K
  class space    used 14983K, committed 15424K, reserved 1048576K
}
Event: 9005.821 GC heap after
{Heap after GC invocations=134 (full 0):
 garbage-first heap   total 909312K, used 564868K [0x0000000705600000, 0x0000000800000000)
  region size 2048K, 9 young (18432K), 9 survivors (18432K)
 Metaspace       used 119657K, committed 120512K, reserved 1179648K
  class space    used 14983K, committed 15424K, reserved 1048576K
}
Event: 9006.426 GC heap before
{Heap before GC invocations=135 (full 0):
 garbage-first heap   total 991232K, used 757380K [0x0000000705600000, 0x0000000800000000)
  region size 2048K, 84 young (172032K), 9 survivors (18432K)
 Metaspace       used 119658K, committed 120512K, reserved 1179648K
  class space    used 14983K, committed 15424K, reserved 1048576K
}
Event: 9006.457 GC heap after
{Heap after GC invocations=136 (full 0):
 garbage-first heap   total 991232K, used 598016K [0x0000000705600000, 0x0000000800000000)
  region size 2048K, 11 young (22528K), 11 survivors (22528K)
 Metaspace       used 119658K, committed 120512K, reserved 1179648K
  class space    used 14983K, committed 15424K, reserved 1048576K
}
Event: 9007.443 GC heap before
{Heap before GC invocations=136 (full 0):
 garbage-first heap   total 991232K, used 894976K [0x0000000705600000, 0x0000000800000000)
  region size 2048K, 96 young (196608K), 11 survivors (22528K)
 Metaspace       used 119660K, committed 120576K, reserved 1179648K
  class space    used 14983K, committed 15424K, reserved 1048576K
}

